[0.559s] Invoking command in '/home/jdj/kuLimo/colcon_ws/src/hello_ros2': PYTHONPATH=/home/jdj/kuLimo/colcon_ws/build/hello_ros2/prefix_override:/usr/lib/python3/dist-packages/colcon_core/task/python/colcon_distutils_commands:/home/jdj/kuLimo/colcon_ws/install/hello_ros2/lib/python3.10/site-packages:${PYTHONPATH} /usr/bin/python3 -W ignore:setup.py install is deprecated -W ignore:easy_install command is deprecated setup.py egg_info --egg-base ../../build/hello_ros2 build --build-base /home/jdj/kuLimo/colcon_ws/build/hello_ros2/build install --record /home/jdj/kuLimo/colcon_ws/build/hello_ros2/install.log --single-version-externally-managed install_data
[0.759s] running egg_info
[0.760s] writing ../../build/hello_ros2/hello_ros2.egg-info/PKG-INFO
[0.761s] writing dependency_links to ../../build/hello_ros2/hello_ros2.egg-info/dependency_links.txt
[0.762s] writing entry points to ../../build/hello_ros2/hello_ros2.egg-info/entry_points.txt
[0.762s] writing requirements to ../../build/hello_ros2/hello_ros2.egg-info/requires.txt
[0.763s] writing top-level names to ../../build/hello_ros2/hello_ros2.egg-info/top_level.txt
[0.764s] reading manifest file '../../build/hello_ros2/hello_ros2.egg-info/SOURCES.txt'
[0.765s] writing manifest file '../../build/hello_ros2/hello_ros2.egg-info/SOURCES.txt'
[0.765s] running build
[0.765s] running build_py
[0.766s] copying hello_ros2/hello_ros.py -> /home/jdj/kuLimo/colcon_ws/build/hello_ros2/build/lib/hello_ros2
[0.766s] running install
[0.766s] running install_lib
[0.767s] copying /home/jdj/kuLimo/colcon_ws/build/hello_ros2/build/lib/hello_ros2/hello_ros.py -> /home/jdj/kuLimo/colcon_ws/install/hello_ros2/lib/python3.10/site-packages/hello_ros2
[0.767s] byte-compiling /home/jdj/kuLimo/colcon_ws/install/hello_ros2/lib/python3.10/site-packages/hello_ros2/hello_ros.py to hello_ros.cpython-310.pyc
[0.767s] running install_data
[0.767s] running install_egg_info
[0.769s] removing '/home/jdj/kuLimo/colcon_ws/install/hello_ros2/lib/python3.10/site-packages/hello_ros2-0.0.0-py3.10.egg-info' (and everything under it)
[0.769s] Copying ../../build/hello_ros2/hello_ros2.egg-info to /home/jdj/kuLimo/colcon_ws/install/hello_ros2/lib/python3.10/site-packages/hello_ros2-0.0.0-py3.10.egg-info
[0.771s] running install_scripts
[0.786s] Installing hello_ros script to /home/jdj/kuLimo/colcon_ws/install/hello_ros2/lib/hello_ros2
[0.787s] writing list of installed files to '/home/jdj/kuLimo/colcon_ws/build/hello_ros2/install.log'
[0.804s] Invoked command in '/home/jdj/kuLimo/colcon_ws/src/hello_ros2' returned '0': PYTHONPATH=/home/jdj/kuLimo/colcon_ws/build/hello_ros2/prefix_override:/usr/lib/python3/dist-packages/colcon_core/task/python/colcon_distutils_commands:/home/jdj/kuLimo/colcon_ws/install/hello_ros2/lib/python3.10/site-packages:${PYTHONPATH} /usr/bin/python3 -W ignore:setup.py install is deprecated -W ignore:easy_install command is deprecated setup.py egg_info --egg-base ../../build/hello_ros2 build --build-base /home/jdj/kuLimo/colcon_ws/build/hello_ros2/build install --record /home/jdj/kuLimo/colcon_ws/build/hello_ros2/install.log --single-version-externally-managed install_data
