[0.608s] Invoking command in '/home/jdj/kuLimo/colcon_ws/src/hello_ros2': PYTHONPATH=/home/jdj/kuLimo/colcon_ws/build/hello_ros2/prefix_override:/usr/lib/python3/dist-packages/colcon_core/task/python/colcon_distutils_commands:/home/jdj/kuLimo/colcon_ws/install/hello_ros2/lib/python3.10/site-packages:${PYTHONPATH} /usr/bin/python3 -W ignore:setup.py install is deprecated -W ignore:easy_install command is deprecated setup.py egg_info --egg-base ../../build/hello_ros2 build --build-base /home/jdj/kuLimo/colcon_ws/build/hello_ros2/build install --record /home/jdj/kuLimo/colcon_ws/build/hello_ros2/install.log --single-version-externally-managed install_data
[0.802s] running egg_info
[0.804s] creating ../../build/hello_ros2/hello_ros2.egg-info
[0.804s] writing ../../build/hello_ros2/hello_ros2.egg-info/PKG-INFO
[0.804s] writing dependency_links to ../../build/hello_ros2/hello_ros2.egg-info/dependency_links.txt
[0.804s] writing entry points to ../../build/hello_ros2/hello_ros2.egg-info/entry_points.txt
[0.804s] writing requirements to ../../build/hello_ros2/hello_ros2.egg-info/requires.txt
[0.804s] writing top-level names to ../../build/hello_ros2/hello_ros2.egg-info/top_level.txt
[0.804s] writing manifest file '../../build/hello_ros2/hello_ros2.egg-info/SOURCES.txt'
[0.805s] reading manifest file '../../build/hello_ros2/hello_ros2.egg-info/SOURCES.txt'
[0.805s] writing manifest file '../../build/hello_ros2/hello_ros2.egg-info/SOURCES.txt'
[0.806s] running build
[0.806s] running build_py
[0.806s] creating /home/jdj/kuLimo/colcon_ws/build/hello_ros2/build
[0.806s] creating /home/jdj/kuLimo/colcon_ws/build/hello_ros2/build/lib
[0.806s] creating /home/jdj/kuLimo/colcon_ws/build/hello_ros2/build/lib/hello_ros2
[0.806s] copying hello_ros2/__init__.py -> /home/jdj/kuLimo/colcon_ws/build/hello_ros2/build/lib/hello_ros2
[0.806s] copying hello_ros2/hello_ros.py -> /home/jdj/kuLimo/colcon_ws/build/hello_ros2/build/lib/hello_ros2
[0.807s] running install
[0.807s] running install_lib
[0.807s] creating /home/jdj/kuLimo/colcon_ws/install/hello_ros2/lib/python3.10/site-packages/hello_ros2
[0.808s] copying /home/jdj/kuLimo/colcon_ws/build/hello_ros2/build/lib/hello_ros2/__init__.py -> /home/jdj/kuLimo/colcon_ws/install/hello_ros2/lib/python3.10/site-packages/hello_ros2
[0.808s] copying /home/jdj/kuLimo/colcon_ws/build/hello_ros2/build/lib/hello_ros2/hello_ros.py -> /home/jdj/kuLimo/colcon_ws/install/hello_ros2/lib/python3.10/site-packages/hello_ros2
[0.808s] byte-compiling /home/jdj/kuLimo/colcon_ws/install/hello_ros2/lib/python3.10/site-packages/hello_ros2/__init__.py to __init__.cpython-310.pyc
[0.808s] byte-compiling /home/jdj/kuLimo/colcon_ws/install/hello_ros2/lib/python3.10/site-packages/hello_ros2/hello_ros.py to hello_ros.cpython-310.pyc
[0.809s]   File "/home/jdj/kuLimo/colcon_ws/install/hello_ros2/lib/python3.10/site-packages/hello_ros2/hello_ros.py", line 25
[0.809s]     if __name__ '__main__':
[0.809s]                 ^^^^^^^^^^
[0.809s] SyntaxError: invalid syntax
[0.809s] 
[0.809s] running install_data
[0.809s] creating /home/jdj/kuLimo/colcon_ws/install/hello_ros2/share/ament_index
[0.809s] creating /home/jdj/kuLimo/colcon_ws/install/hello_ros2/share/ament_index/resource_index
[0.809s] creating /home/jdj/kuLimo/colcon_ws/install/hello_ros2/share/ament_index/resource_index/packages
[0.809s] copying resource/hello_ros2 -> /home/jdj/kuLimo/colcon_ws/install/hello_ros2/share/ament_index/resource_index/packages
[0.809s] copying package.xml -> /home/jdj/kuLimo/colcon_ws/install/hello_ros2/share/hello_ros2
[0.809s] running install_egg_info
[0.810s] Copying ../../build/hello_ros2/hello_ros2.egg-info to /home/jdj/kuLimo/colcon_ws/install/hello_ros2/lib/python3.10/site-packages/hello_ros2-0.0.0-py3.10.egg-info
[0.811s] running install_scripts
[0.827s] Installing hello_ros script to /home/jdj/kuLimo/colcon_ws/install/hello_ros2/lib/hello_ros2
[0.827s] writing list of installed files to '/home/jdj/kuLimo/colcon_ws/build/hello_ros2/install.log'
[0.847s] Invoked command in '/home/jdj/kuLimo/colcon_ws/src/hello_ros2' returned '0': PYTHONPATH=/home/jdj/kuLimo/colcon_ws/build/hello_ros2/prefix_override:/usr/lib/python3/dist-packages/colcon_core/task/python/colcon_distutils_commands:/home/jdj/kuLimo/colcon_ws/install/hello_ros2/lib/python3.10/site-packages:${PYTHONPATH} /usr/bin/python3 -W ignore:setup.py install is deprecated -W ignore:easy_install command is deprecated setup.py egg_info --egg-base ../../build/hello_ros2 build --build-base /home/jdj/kuLimo/colcon_ws/build/hello_ros2/build install --record /home/jdj/kuLimo/colcon_ws/build/hello_ros2/install.log --single-version-externally-managed install_data
