/home/jdj/kuLimo/colcon_ws/install/hello_ros2/lib/python3.10/site-packages/hello_ros2/simple_sub.py
/home/jdj/kuLimo/colcon_ws/install/hello_ros2/lib/python3.10/site-packages/hello_ros2/add_server.py
/home/jdj/kuLimo/colcon_ws/install/hello_ros2/lib/python3.10/site-packages/hello_ros2/__init__.py
/home/jdj/kuLimo/colcon_ws/install/hello_ros2/lib/python3.10/site-packages/hello_ros2/change_color_client.py
/home/jdj/kuLimo/colcon_ws/install/hello_ros2/lib/python3.10/site-packages/hello_ros2/action_client.py
/home/jdj/kuLimo/colcon_ws/install/hello_ros2/lib/python3.10/site-packages/hello_ros2/move_turtle.py
/home/jdj/kuLimo/colcon_ws/install/hello_ros2/lib/python3.10/site-packages/hello_ros2/my_topic_pub.py
/home/jdj/kuLimo/colcon_ws/install/hello_ros2/lib/python3.10/site-packages/hello_ros2/simple_service_server2.py
/home/jdj/kuLimo/colcon_ws/install/hello_ros2/lib/python3.10/site-packages/hello_ros2/hello_ros.py
/home/jdj/kuLimo/colcon_ws/install/hello_ros2/lib/python3.10/site-packages/hello_ros2/simple_service_server.py
/home/jdj/kuLimo/colcon_ws/install/hello_ros2/lib/python3.10/site-packages/hello_ros2/action_server.py
/home/jdj/kuLimo/colcon_ws/install/hello_ros2/lib/python3.10/site-packages/hello_ros2/simple_parameter.py
/home/jdj/kuLimo/colcon_ws/install/hello_ros2/lib/python3.10/site-packages/hello_ros2/simple_pub.py
/home/jdj/kuLimo/colcon_ws/install/hello_ros2/lib/python3.10/site-packages/hello_ros2/simple_service_client.py
/home/jdj/kuLimo/colcon_ws/install/hello_ros2/lib/python3.10/site-packages/hello_ros2/__pycache__/simple_sub.cpython-310.pyc
/home/jdj/kuLimo/colcon_ws/install/hello_ros2/lib/python3.10/site-packages/hello_ros2/__pycache__/add_server.cpython-310.pyc
/home/jdj/kuLimo/colcon_ws/install/hello_ros2/lib/python3.10/site-packages/hello_ros2/__pycache__/__init__.cpython-310.pyc
/home/jdj/kuLimo/colcon_ws/install/hello_ros2/lib/python3.10/site-packages/hello_ros2/__pycache__/change_color_client.cpython-310.pyc
/home/jdj/kuLimo/colcon_ws/install/hello_ros2/lib/python3.10/site-packages/hello_ros2/__pycache__/action_client.cpython-310.pyc
/home/jdj/kuLimo/colcon_ws/install/hello_ros2/lib/python3.10/site-packages/hello_ros2/__pycache__/move_turtle.cpython-310.pyc
/home/jdj/kuLimo/colcon_ws/install/hello_ros2/lib/python3.10/site-packages/hello_ros2/__pycache__/my_topic_pub.cpython-310.pyc
/home/jdj/kuLimo/colcon_ws/install/hello_ros2/lib/python3.10/site-packages/hello_ros2/__pycache__/simple_service_server2.cpython-310.pyc
/home/jdj/kuLimo/colcon_ws/install/hello_ros2/lib/python3.10/site-packages/hello_ros2/__pycache__/hello_ros.cpython-310.pyc
/home/jdj/kuLimo/colcon_ws/install/hello_ros2/lib/python3.10/site-packages/hello_ros2/__pycache__/simple_service_server.cpython-310.pyc
/home/jdj/kuLimo/colcon_ws/install/hello_ros2/lib/python3.10/site-packages/hello_ros2/__pycache__/action_server.cpython-310.pyc
/home/jdj/kuLimo/colcon_ws/install/hello_ros2/lib/python3.10/site-packages/hello_ros2/__pycache__/simple_parameter.cpython-310.pyc
/home/jdj/kuLimo/colcon_ws/install/hello_ros2/lib/python3.10/site-packages/hello_ros2/__pycache__/simple_pub.cpython-310.pyc
/home/jdj/kuLimo/colcon_ws/install/hello_ros2/lib/python3.10/site-packages/hello_ros2/__pycache__/simple_service_client.cpython-310.pyc
/home/jdj/kuLimo/colcon_ws/install/hello_ros2/share/ament_index/resource_index/packages/hello_ros2
/home/jdj/kuLimo/colcon_ws/install/hello_ros2/share/hello_ros2/package.xml
/home/jdj/kuLimo/colcon_ws/install/hello_ros2/share/hello_ros2/launch/message.launch.py
/home/jdj/kuLimo/colcon_ws/install/hello_ros2/share/hello_ros2/launch/moveTurtle.launch.py
/home/jdj/kuLimo/colcon_ws/install/hello_ros2/share/hello_ros2/param/turtlesim.yaml
/home/jdj/kuLimo/colcon_ws/install/hello_ros2/lib/python3.10/site-packages/hello_ros2-0.0.0-py3.10.egg-info/dependency_links.txt
/home/jdj/kuLimo/colcon_ws/install/hello_ros2/lib/python3.10/site-packages/hello_ros2-0.0.0-py3.10.egg-info/entry_points.txt
/home/jdj/kuLimo/colcon_ws/install/hello_ros2/lib/python3.10/site-packages/hello_ros2-0.0.0-py3.10.egg-info/SOURCES.txt
/home/jdj/kuLimo/colcon_ws/install/hello_ros2/lib/python3.10/site-packages/hello_ros2-0.0.0-py3.10.egg-info/top_level.txt
/home/jdj/kuLimo/colcon_ws/install/hello_ros2/lib/python3.10/site-packages/hello_ros2-0.0.0-py3.10.egg-info/PKG-INFO
/home/jdj/kuLimo/colcon_ws/install/hello_ros2/lib/python3.10/site-packages/hello_ros2-0.0.0-py3.10.egg-info/requires.txt
/home/jdj/kuLimo/colcon_ws/install/hello_ros2/lib/python3.10/site-packages/hello_ros2-0.0.0-py3.10.egg-info/zip-safe
/home/jdj/kuLimo/colcon_ws/install/hello_ros2/lib/hello_ros2/action_client
/home/jdj/kuLimo/colcon_ws/install/hello_ros2/lib/hello_ros2/action_server
/home/jdj/kuLimo/colcon_ws/install/hello_ros2/lib/hello_ros2/add_server
/home/jdj/kuLimo/colcon_ws/install/hello_ros2/lib/hello_ros2/change_color_client
/home/jdj/kuLimo/colcon_ws/install/hello_ros2/lib/hello_ros2/hello_ros
/home/jdj/kuLimo/colcon_ws/install/hello_ros2/lib/hello_ros2/move_turtle
/home/jdj/kuLimo/colcon_ws/install/hello_ros2/lib/hello_ros2/my_topic_pub
/home/jdj/kuLimo/colcon_ws/install/hello_ros2/lib/hello_ros2/simple_parameter
/home/jdj/kuLimo/colcon_ws/install/hello_ros2/lib/hello_ros2/simple_pub
/home/jdj/kuLimo/colcon_ws/install/hello_ros2/lib/hello_ros2/simple_service_client
/home/jdj/kuLimo/colcon_ws/install/hello_ros2/lib/hello_ros2/simple_service_server
/home/jdj/kuLimo/colcon_ws/install/hello_ros2/lib/hello_ros2/simple_service_server2
/home/jdj/kuLimo/colcon_ws/install/hello_ros2/lib/hello_ros2/simple_sub
