[0.720s] Invoking command in '/home/jdj/kuLimo/colcon_ws/src/hello_ros2': PYTHONPATH=/home/jdj/kuLimo/colcon_ws/build/hello_ros2/prefix_override:/usr/lib/python3/dist-packages/colcon_core/task/python/colcon_distutils_commands:/home/jdj/kuLimo/colcon_ws/install/hello_ros2/lib/python3.10/site-packages:${PYTHONPATH} /usr/bin/python3 -W ignore:setup.py install is deprecated -W ignore:easy_install command is deprecated setup.py egg_info --egg-base ../../build/hello_ros2 build --build-base /home/jdj/kuLimo/colcon_ws/build/hello_ros2/build install --record /home/jdj/kuLimo/colcon_ws/build/hello_ros2/install.log --single-version-externally-managed install_data
[0.922s] running egg_info
[0.922s] writing ../../build/hello_ros2/hello_ros2.egg-info/PKG-INFO
[0.922s] writing dependency_links to ../../build/hello_ros2/hello_ros2.egg-info/dependency_links.txt
[0.923s] writing entry points to ../../build/hello_ros2/hello_ros2.egg-info/entry_points.txt
[0.923s] writing requirements to ../../build/hello_ros2/hello_ros2.egg-info/requires.txt
[0.924s] writing top-level names to ../../build/hello_ros2/hello_ros2.egg-info/top_level.txt
[0.924s] reading manifest file '../../build/hello_ros2/hello_ros2.egg-info/SOURCES.txt'
[0.925s] writing manifest file '../../build/hello_ros2/hello_ros2.egg-info/SOURCES.txt'
[0.926s] running build
[0.926s] running build_py
[0.926s] running install
[0.927s] running install_lib
[0.928s] running install_data
[0.929s] copying launch/message.launch.py -> /home/jdj/kuLimo/colcon_ws/install/hello_ros2/share/hello_ros2/launch
[0.931s] running install_egg_info
[0.931s] removing '/home/jdj/kuLimo/colcon_ws/install/hello_ros2/lib/python3.10/site-packages/hello_ros2-0.0.0-py3.10.egg-info' (and everything under it)
[0.932s] Copying ../../build/hello_ros2/hello_ros2.egg-info to /home/jdj/kuLimo/colcon_ws/install/hello_ros2/lib/python3.10/site-packages/hello_ros2-0.0.0-py3.10.egg-info
[0.933s] running install_scripts
[0.951s] Installing hello_ros script to /home/jdj/kuLimo/colcon_ws/install/hello_ros2/lib/hello_ros2
[0.952s] Installing move_turtle script to /home/jdj/kuLimo/colcon_ws/install/hello_ros2/lib/hello_ros2
[0.952s] Installing simple_pub script to /home/jdj/kuLimo/colcon_ws/install/hello_ros2/lib/hello_ros2
[0.953s] Installing simple_sub script to /home/jdj/kuLimo/colcon_ws/install/hello_ros2/lib/hello_ros2
[0.954s] writing list of installed files to '/home/jdj/kuLimo/colcon_ws/build/hello_ros2/install.log'
[0.972s] Invoked command in '/home/jdj/kuLimo/colcon_ws/src/hello_ros2' returned '0': PYTHONPATH=/home/jdj/kuLimo/colcon_ws/build/hello_ros2/prefix_override:/usr/lib/python3/dist-packages/colcon_core/task/python/colcon_distutils_commands:/home/jdj/kuLimo/colcon_ws/install/hello_ros2/lib/python3.10/site-packages:${PYTHONPATH} /usr/bin/python3 -W ignore:setup.py install is deprecated -W ignore:easy_install command is deprecated setup.py egg_info --egg-base ../../build/hello_ros2 build --build-base /home/jdj/kuLimo/colcon_ws/build/hello_ros2/build install --record /home/jdj/kuLimo/colcon_ws/build/hello_ros2/install.log --single-version-externally-managed install_data
