[0.522s] Invoking command in '/home/jdj/kuLimo/colcon_ws/src/hello_ros2': PYTHONPATH=/home/jdj/kuLimo/colcon_ws/build/hello_ros2/prefix_override:/usr/lib/python3/dist-packages/colcon_core/task/python/colcon_distutils_commands:/home/jdj/kuLimo/colcon_ws/install/hello_ros2/lib/python3.10/site-packages:${PYTHONPATH} /usr/bin/python3 -W ignore:setup.py install is deprecated -W ignore:easy_install command is deprecated setup.py egg_info --egg-base ../../build/hello_ros2 build --build-base /home/jdj/kuLimo/colcon_ws/build/hello_ros2/build install --record /home/jdj/kuLimo/colcon_ws/build/hello_ros2/install.log --single-version-externally-managed install_data
[0.869s] running egg_info
[0.870s] writing ../../build/hello_ros2/hello_ros2.egg-info/PKG-INFO
[0.871s] writing dependency_links to ../../build/hello_ros2/hello_ros2.egg-info/dependency_links.txt
[0.871s] writing entry points to ../../build/hello_ros2/hello_ros2.egg-info/entry_points.txt
[0.871s] writing requirements to ../../build/hello_ros2/hello_ros2.egg-info/requires.txt
[0.872s] writing top-level names to ../../build/hello_ros2/hello_ros2.egg-info/top_level.txt
[0.873s] reading manifest file '../../build/hello_ros2/hello_ros2.egg-info/SOURCES.txt'
[0.874s] writing manifest file '../../build/hello_ros2/hello_ros2.egg-info/SOURCES.txt'
[0.874s] running build
[0.874s] running build_py
[0.874s] running install
[0.875s] running install_lib
[0.876s] running install_data
[0.876s] running install_egg_info
[0.878s] removing '/home/jdj/kuLimo/colcon_ws/install/hello_ros2/lib/python3.10/site-packages/hello_ros2-0.0.0-py3.10.egg-info' (and everything under it)
[0.878s] Copying ../../build/hello_ros2/hello_ros2.egg-info to /home/jdj/kuLimo/colcon_ws/install/hello_ros2/lib/python3.10/site-packages/hello_ros2-0.0.0-py3.10.egg-info
[0.879s] running install_scripts
[0.896s] Installing hello_ros script to /home/jdj/kuLimo/colcon_ws/install/hello_ros2/lib/hello_ros2
[0.896s] Installing move_turtle script to /home/jdj/kuLimo/colcon_ws/install/hello_ros2/lib/hello_ros2
[0.897s] Installing simple_pub script to /home/jdj/kuLimo/colcon_ws/install/hello_ros2/lib/hello_ros2
[0.897s] Installing simple_sub script to /home/jdj/kuLimo/colcon_ws/install/hello_ros2/lib/hello_ros2
[0.897s] writing list of installed files to '/home/jdj/kuLimo/colcon_ws/build/hello_ros2/install.log'
[0.915s] Invoked command in '/home/jdj/kuLimo/colcon_ws/src/hello_ros2' returned '0': PYTHONPATH=/home/jdj/kuLimo/colcon_ws/build/hello_ros2/prefix_override:/usr/lib/python3/dist-packages/colcon_core/task/python/colcon_distutils_commands:/home/jdj/kuLimo/colcon_ws/install/hello_ros2/lib/python3.10/site-packages:${PYTHONPATH} /usr/bin/python3 -W ignore:setup.py install is deprecated -W ignore:easy_install command is deprecated setup.py egg_info --egg-base ../../build/hello_ros2 build --build-base /home/jdj/kuLimo/colcon_ws/build/hello_ros2/build install --record /home/jdj/kuLimo/colcon_ws/build/hello_ros2/install.log --single-version-externally-managed install_data
